[2025-08-15 20:43:15] [三島駅] 現在: 0.0 mm/h (validtime: 20:40)
[2025-08-15 20:43:15] [三島駅] 15分後: 0.0 mm/h (validtime: 21:00)
[2025-08-15 20:43:16] [三島駅] 30分後: 0.0 mm/h (validtime: 21:15)
[2025-08-15 20:43:16] [三島駅] 45分後: 0.0 mm/h (validtime: 21:30)
[2025-08-15 20:43:16] [三島駅] 60分後: 0.0 mm/h (validtime: 21:40)
[2025-08-15 20:43:16] [三島駅] 保存完了: 5/5 件
[2025-08-15 20:48:26] [三島駅] 現在: 0.0 mm/h (validtime: 20:45)
[2025-08-15 20:48:26] [三島駅] 15分後: 0.0 mm/h (validtime: 21:05)
[2025-08-15 20:48:26] [三島駅] 30分後: 0.0 mm/h (validtime: 21:20)
[2025-08-15 20:48:27] [三島駅] 45分後: 0.0 mm/h (validtime: 21:35)
[2025-08-15 20:48:27] [三島駅] 60分後: 0.0 mm/h (validtime: 21:45)
[2025-08-15 20:48:27] [三島駅] 保存完了: 5/5 件
[2025-08-15 21:18:59] [三島駅] 現在: 0.0 mm/h (validtime: 21:15)
[2025-08-15 21:18:59] [三島駅] 15分後: 0.0 mm/h (validtime: 21:35)
[2025-08-15 21:18:59] [三島駅] 30分後: 0.0 mm/h (validtime: 21:50)
[2025-08-15 21:18:59] [三島駅] 45分後: 0.0 mm/h (validtime: 22:05)
[2025-08-15 21:18:59] [三島駅] 60分後: 0.0 mm/h (validtime: 22:15)
[2025-08-15 21:18:59] [三島駅] 保存完了: 5/5 件
[2025-08-15 21:55:28] [三島駅] 現在: 0.0 mm/h (validtime: 21:50)
[2025-08-15 21:55:28] [三島駅] 15分後: 0.0 mm/h (validtime: 22:10)
[2025-08-15 21:55:29] [三島駅] 30分後: 0.0 mm/h (validtime: 22:25)
[2025-08-15 21:55:29] [三島駅] 45分後: 0.0 mm/h (validtime: 22:40)
[2025-08-15 21:55:29] [三島駅] 60分後: 0.0 mm/h (validtime: 22:50)
[2025-08-15 21:55:29] [三島駅] 保存完了: 5/5 件
[2025-08-15 22:00:29] [三島駅] 現在: 0.0 mm/h (validtime: 21:55)
[2025-08-15 22:00:30] [三島駅] 15分後: 0.0 mm/h (validtime: 22:15)
[2025-08-15 22:00:30] [三島駅] 30分後: 0.0 mm/h (validtime: 22:30)
[2025-08-15 22:00:30] [三島駅] 45分後: 0.0 mm/h (validtime: 22:45)
[2025-08-15 22:00:30] [三島駅] 60分後: 0.0 mm/h (validtime: 22:55)
[2025-08-15 22:00:30] [三島駅] 保存完了: 5/5 件
[2025-08-15 22:05:30] [三島駅] 現在: 0.0 mm/h (validtime: 22:00)
[2025-08-15 22:05:31] [三島駅] 15分後: 0.0 mm/h (validtime: 22:20)
[2025-08-15 22:05:31] [三島駅] 30分後: 0.0 mm/h (validtime: 22:35)
[2025-08-15 22:05:31] [三島駅] 45分後: 0.0 mm/h (validtime: 22:50)
[2025-08-15 22:05:31] [三島駅] 60分後: 0.0 mm/h (validtime: 23:00)
[2025-08-15 22:05:31] [三島駅] 保存完了: 5/5 件
[2025-08-15 22:10:32] [三島駅] 現在: 0.0 mm/h (validtime: 22:05)
[2025-08-15 22:10:32] [三島駅] 15分後: 0.0 mm/h (validtime: 22:25)
[2025-08-15 22:10:32] [三島駅] 30分後: 0.0 mm/h (validtime: 22:40)
[2025-08-15 22:10:32] [三島駅] 45分後: 0.0 mm/h (validtime: 22:55)
[2025-08-15 22:10:32] [三島駅] 60分後: 0.0 mm/h (validtime: 23:05)
[2025-08-15 22:10:32] [三島駅] 保存完了: 5/5 件
[2025-08-15 22:15:32] [三島駅] 現在: 0.0 mm/h (validtime: 22:10)
[2025-08-15 22:15:32] [三島駅] 15分後: 0.0 mm/h (validtime: 22:30)
[2025-08-15 22:15:32] [三島駅] 30分後: 0.0 mm/h (validtime: 22:45)
[2025-08-15 22:15:32] [三島駅] 45分後: 0.0 mm/h (validtime: 23:00)
[2025-08-15 22:15:33] [三島駅] 60分後: 0.0 mm/h (validtime: 23:10)
[2025-08-15 22:15:33] [三島駅] 保存完了: 5/5 件
[2025-08-15 22:20:33] [三島駅] 現在: 0.0 mm/h (validtime: 22:15)
[2025-08-15 22:20:33] [三島駅] 15分後: 0.0 mm/h (validtime: 22:35)
[2025-08-15 22:20:33] [三島駅] 30分後: 0.0 mm/h (validtime: 22:50)
[2025-08-15 22:20:33] [三島駅] 45分後: 0.0 mm/h (validtime: 23:05)
[2025-08-15 22:20:34] [三島駅] 60分後: 0.0 mm/h (validtime: 23:15)
[2025-08-15 22:20:34] [三島駅] 保存完了: 5/5 件
[2025-08-15 22:25:34] [三島駅] 現在: 0.0 mm/h (validtime: 22:20)
[2025-08-15 22:25:34] [三島駅] 15分後: 0.0 mm/h (validtime: 22:40)
[2025-08-15 22:25:34] [三島駅] 30分後: 0.0 mm/h (validtime: 22:55)
[2025-08-15 22:25:34] [三島駅] 45分後: 0.0 mm/h (validtime: 23:10)
[2025-08-15 22:25:35] [三島駅] 60分後: 0.0 mm/h (validtime: 23:20)
[2025-08-15 22:25:35] [三島駅] 保存完了: 5/5 件
[2025-08-15 22:30:35] [三島駅] 現在: 0.0 mm/h (validtime: 22:25)
[2025-08-15 22:30:35] [三島駅] 15分後: 0.0 mm/h (validtime: 22:45)
[2025-08-15 22:30:35] [三島駅] 30分後: 0.0 mm/h (validtime: 23:00)
[2025-08-15 22:30:35] [三島駅] 45分後: 0.0 mm/h (validtime: 23:15)
[2025-08-15 22:30:36] [三島駅] 60分後: 0.0 mm/h (validtime: 23:25)
[2025-08-15 22:30:36] [三島駅] 保存完了: 5/5 件
[2025-08-15 22:35:36] [三島駅] 現在: 0.0 mm/h (validtime: 22:30)
[2025-08-15 22:35:36] [三島駅] 15分後: 0.0 mm/h (validtime: 22:50)
[2025-08-15 22:35:36] [三島駅] 30分後: 0.0 mm/h (validtime: 23:05)
[2025-08-15 22:35:36] [三島駅] 45分後: 0.0 mm/h (validtime: 23:20)
[2025-08-15 22:35:37] [三島駅] 60分後: 0.0 mm/h (validtime: 23:30)
[2025-08-15 22:35:37] [三島駅] 保存完了: 5/5 件
[2025-08-15 22:40:37] [三島駅] 現在: 0.0 mm/h (validtime: 22:35)
[2025-08-15 22:40:37] [三島駅] 15分後: 0.0 mm/h (validtime: 22:55)
[2025-08-15 22:40:37] [三島駅] 30分後: 0.0 mm/h (validtime: 23:10)
[2025-08-15 22:40:37] [三島駅] 45分後: 0.0 mm/h (validtime: 23:25)
[2025-08-15 22:40:38] [三島駅] 60分後: 0.0 mm/h (validtime: 23:35)
[2025-08-15 22:40:38] [三島駅] 保存完了: 5/5 件
[2025-08-15 22:45:38] [三島駅] 現在: 0.0 mm/h (validtime: 22:40)
[2025-08-15 22:45:38] [三島駅] 15分後: 0.0 mm/h (validtime: 23:00)
[2025-08-15 22:45:38] [三島駅] 30分後: 0.0 mm/h (validtime: 23:15)
[2025-08-15 22:45:38] [三島駅] 45分後: 0.0 mm/h (validtime: 23:30)
[2025-08-15 22:45:38] [三島駅] 60分後: 0.0 mm/h (validtime: 23:40)
[2025-08-15 22:45:38] [三島駅] 保存完了: 5/5 件
[2025-08-15 22:50:39] [三島駅] 現在: 0.0 mm/h (validtime: 22:45)
[2025-08-15 22:50:39] [三島駅] 15分後: 0.0 mm/h (validtime: 23:05)
[2025-08-15 22:50:39] [三島駅] 30分後: 0.0 mm/h (validtime: 23:20)
[2025-08-15 22:50:39] [三島駅] 45分後: 0.0 mm/h (validtime: 23:35)
[2025-08-15 22:50:39] [三島駅] 60分後: 0.0 mm/h (validtime: 23:45)
[2025-08-15 22:50:39] [三島駅] 保存完了: 5/5 件
[2025-08-15 23:49:41] [三島駅] 現在: 0.0 mm/h (validtime: 23:45)
[2025-08-15 23:49:41] [三島駅] 15分後: 0.0 mm/h (validtime: 00:05)
[2025-08-15 23:49:41] [三島駅] 30分後: 0.0 mm/h (validtime: 00:20)
[2025-08-15 23:49:41] [三島駅] 45分後: 0.0 mm/h (validtime: 00:35)
[2025-08-15 23:49:41] [三島駅] 60分後: 0.0 mm/h (validtime: 00:45)
[2025-08-15 23:49:41] [三島駅] 保存完了: 5/5 件
[2025-08-16 00:11:54] [三島駅] 現在: 0.0 mm/h (validtime: 00:10)
[2025-08-16 00:11:54] [三島駅] 15分後: 0.0 mm/h (validtime: 00:25)
[2025-08-16 00:11:54] [三島駅] 30分後: 0.0 mm/h (validtime: 00:40)
[2025-08-16 00:11:55] [三島駅] 45分後: 0.0 mm/h (validtime: 00:55)
[2025-08-16 00:11:55] [三島駅] 60分後: 0.0 mm/h (validtime: 01:10)
[2025-08-16 00:11:55] [三島駅] 保存完了: 5/5 件
[2025-08-16 00:16:55] [三島駅] 現在: 0.0 mm/h (validtime: 00:15)
[2025-08-16 00:16:55] [三島駅] 15分後: 0.0 mm/h (validtime: 00:30)
[2025-08-16 00:16:55] [三島駅] 30分後: 0.0 mm/h (validtime: 00:45)
[2025-08-16 00:16:56] [三島駅] 45分後: 0.0 mm/h (validtime: 01:00)
[2025-08-16 00:16:56] [三島駅] 60分後: 0.0 mm/h (validtime: 01:15)
[2025-08-16 00:16:56] [三島駅] 保存完了: 5/5 件
[2025-08-16 00:21:56] [三島駅] 現在: 0.0 mm/h (validtime: 00:20)
[2025-08-16 00:21:56] [三島駅] 15分後: 0.0 mm/h (validtime: 00:35)
[2025-08-16 00:21:56] [三島駅] 30分後: 0.0 mm/h (validtime: 00:50)
[2025-08-16 00:21:57] [三島駅] 45分後: 0.0 mm/h (validtime: 01:05)
[2025-08-16 00:21:57] [三島駅] 60分後: 0.0 mm/h (validtime: 01:20)
[2025-08-16 00:21:57] [三島駅] 保存完了: 5/5 件
[2025-08-16 00:43:52] [三島駅] 現在: 0.0 mm/h (validtime: 00:40)
[2025-08-16 00:43:52] [三島駅] 15分後: 0.0 mm/h (validtime: 01:00)
[2025-08-16 00:43:52] [三島駅] 30分後: 0.0 mm/h (validtime: 01:15)
[2025-08-16 00:43:53] [三島駅] 45分後: 0.0 mm/h (validtime: 01:30)
[2025-08-16 00:43:53] [三島駅] 60分後: 0.0 mm/h (validtime: 01:40)
[2025-08-16 00:43:53] [三島駅] 保存完了: 5/5 件
[2025-08-16 00:48:53] [三島駅] 現在: 0.0 mm/h (validtime: 00:45)
[2025-08-16 00:48:54] [三島駅] 15分後: 0.0 mm/h (validtime: 01:05)
[2025-08-16 00:48:54] [三島駅] 30分後: 0.0 mm/h (validtime: 01:20)
[2025-08-16 00:48:54] [三島駅] 45分後: 0.0 mm/h (validtime: 01:35)
[2025-08-16 00:48:54] [三島駅] 60分後: 0.0 mm/h (validtime: 01:45)
[2025-08-16 00:48:54] [三島駅] 保存完了: 5/5 件
[2025-08-16 00:53:54] [三島駅] 現在: 0.0 mm/h (validtime: 00:50)
[2025-08-16 00:53:55] [三島駅] 15分後: 0.0 mm/h (validtime: 01:10)
[2025-08-16 00:53:55] [三島駅] 30分後: 0.0 mm/h (validtime: 01:25)
[2025-08-16 00:53:55] [三島駅] 45分後: 0.0 mm/h (validtime: 01:40)
[2025-08-16 00:53:55] [三島駅] 60分後: 0.0 mm/h (validtime: 01:50)
[2025-08-16 00:53:55] [三島駅] 保存完了: 5/5 件
[2025-08-16 00:58:55] [三島駅] 現在: 0.0 mm/h (validtime: 00:55)
[2025-08-16 00:58:56] [三島駅] 15分後: 0.0 mm/h (validtime: 01:15)
[2025-08-16 00:58:56] [三島駅] 30分後: 0.0 mm/h (validtime: 01:30)
[2025-08-16 00:58:56] [三島駅] 45分後: 0.0 mm/h (validtime: 01:45)
[2025-08-16 00:58:56] [三島駅] 60分後: 0.0 mm/h (validtime: 01:55)
[2025-08-16 00:58:56] [三島駅] 保存完了: 5/5 件
[2025-08-16 01:03:56] [三島駅] 現在: 0.0 mm/h (validtime: 01:00)
[2025-08-16 01:03:57] [三島駅] 15分後: 0.0 mm/h (validtime: 01:20)
[2025-08-16 01:03:57] [三島駅] 30分後: 0.0 mm/h (validtime: 01:35)
[2025-08-16 01:03:57] [三島駅] 45分後: 0.0 mm/h (validtime: 01:50)
[2025-08-16 01:03:57] [三島駅] 60分後: 0.0 mm/h (validtime: 02:00)
[2025-08-16 01:03:57] [三島駅] 保存完了: 5/5 件
[2025-08-16 01:08:57] [三島駅] 現在: 0.0 mm/h (validtime: 01:05)
[2025-08-16 01:08:57] [三島駅] 15分後: 0.0 mm/h (validtime: 01:25)
[2025-08-16 01:08:58] [三島駅] 30分後: 0.0 mm/h (validtime: 01:40)
[2025-08-16 01:08:58] [三島駅] 45分後: 0.0 mm/h (validtime: 01:55)
[2025-08-16 01:08:58] [三島駅] 60分後: 0.0 mm/h (validtime: 02:05)
[2025-08-16 01:08:58] [三島駅] 保存完了: 5/5 件
[2025-08-16 01:13:58] [三島駅] 現在: 0.0 mm/h (validtime: 01:10)
[2025-08-16 01:13:58] [三島駅] 15分後: 0.0 mm/h (validtime: 01:30)
[2025-08-16 01:13:59] [三島駅] 30分後: 0.0 mm/h (validtime: 01:45)
[2025-08-16 01:13:59] [三島駅] 45分後: 0.0 mm/h (validtime: 02:00)
[2025-08-16 01:13:59] [三島駅] 60分後: 0.0 mm/h (validtime: 02:10)
[2025-08-16 01:13:59] [三島駅] 保存完了: 5/5 件
[2025-08-16 01:18:59] [三島駅] 現在: 0.0 mm/h (validtime: 01:15)
[2025-08-16 01:18:59] [三島駅] 15分後: 0.0 mm/h (validtime: 01:35)
[2025-08-16 01:19:00] [三島駅] 30分後: 0.0 mm/h (validtime: 01:50)
[2025-08-16 01:19:00] [三島駅] 45分後: 0.0 mm/h (validtime: 02:05)
[2025-08-16 01:19:00] [三島駅] 60分後: 0.0 mm/h (validtime: 02:15)
[2025-08-16 01:19:00] [三島駅] 保存完了: 5/5 件
[2025-08-16 01:24:00] [三島駅] 現在: 0.0 mm/h (validtime: 01:20)
[2025-08-16 01:24:00] [三島駅] 15分後: 0.0 mm/h (validtime: 01:40)
[2025-08-16 01:24:00] [三島駅] 30分後: 0.0 mm/h (validtime: 01:55)
[2025-08-16 01:24:01] [三島駅] 45分後: 0.0 mm/h (validtime: 02:10)
[2025-08-16 01:24:01] [三島駅] 60分後: 0.0 mm/h (validtime: 02:20)
[2025-08-16 01:24:01] [三島駅] 保存完了: 5/5 件
[2025-08-16 01:29:01] [三島駅] 現在: 0.0 mm/h (validtime: 01:25)
[2025-08-16 01:29:01] [三島駅] 15分後: 0.0 mm/h (validtime: 01:45)
[2025-08-16 01:29:01] [三島駅] 30分後: 0.0 mm/h (validtime: 02:00)
[2025-08-16 01:29:02] [三島駅] 45分後: 0.0 mm/h (validtime: 02:15)
[2025-08-16 01:29:02] [三島駅] 60分後: 0.0 mm/h (validtime: 02:25)
[2025-08-16 01:29:02] [三島駅] 保存完了: 5/5 件
[2025-08-16 01:34:02] [三島駅] 現在: 0.0 mm/h (validtime: 01:30)
[2025-08-16 01:34:02] [三島駅] 15分後: 0.0 mm/h (validtime: 01:50)
[2025-08-16 01:34:03] [三島駅] 30分後: 0.0 mm/h (validtime: 02:05)
[2025-08-16 01:34:03] [三島駅] 45分後: 0.0 mm/h (validtime: 02:20)
[2025-08-16 01:34:03] [三島駅] 60分後: 0.0 mm/h (validtime: 02:30)
[2025-08-16 01:34:03] [三島駅] 保存完了: 5/5 件
[2025-08-16 01:39:03] [三島駅] 現在: 0.0 mm/h (validtime: 01:35)
[2025-08-16 01:39:04] [三島駅] 15分後: 0.0 mm/h (validtime: 01:55)
[2025-08-16 01:39:04] [三島駅] 30分後: 0.0 mm/h (validtime: 02:10)
[2025-08-16 01:39:04] [三島駅] 45分後: 0.0 mm/h (validtime: 02:25)
[2025-08-16 01:39:04] [三島駅] 60分後: 0.0 mm/h (validtime: 02:35)
[2025-08-16 01:39:04] [三島駅] 保存完了: 5/5 件
[2025-08-16 01:50:33] [三島駅] 現在: 0.0 mm/h (validtime: 01:45)
[2025-08-16 01:50:33] [三島駅] 15分後: 0.0 mm/h (validtime: 02:05)
[2025-08-16 01:50:33] [三島駅] 30分後: 0.0 mm/h (validtime: 02:20)
[2025-08-16 01:50:33] [三島駅] 45分後: 0.0 mm/h (validtime: 02:35)
[2025-08-16 01:50:33] [三島駅] 60分後: 0.0 mm/h (validtime: 02:45)
[2025-08-16 01:50:33] [三島駅] 保存完了: 5/5 件
[2025-08-16 01:55:34] [三島駅] 現在: 0.0 mm/h (validtime: 01:50)
[2025-08-16 01:55:34] [三島駅] 15分後: 0.0 mm/h (validtime: 02:10)
[2025-08-16 01:55:34] [三島駅] 30分後: 0.0 mm/h (validtime: 02:25)
[2025-08-16 01:55:34] [三島駅] 45分後: 0.0 mm/h (validtime: 02:40)
[2025-08-16 01:55:34] [三島駅] 60分後: 0.0 mm/h (validtime: 02:50)
[2025-08-16 01:55:34] [三島駅] 保存完了: 5/5 件
[2025-08-16 02:00:34] [三島駅] 現在: 0.0 mm/h (validtime: 01:55)
[2025-08-16 02:00:34] [三島駅] 15分後: 0.0 mm/h (validtime: 02:15)
[2025-08-16 02:00:34] [三島駅] 30分後: 0.0 mm/h (validtime: 02:30)
[2025-08-16 02:00:34] [三島駅] 45分後: 0.0 mm/h (validtime: 02:45)
[2025-08-16 02:00:34] [三島駅] 60分後: 0.0 mm/h (validtime: 02:55)
[2025-08-16 02:00:34] [三島駅] 保存完了: 5/5 件
[2025-08-16 02:05:35] [三島駅] 現在: 0.0 mm/h (validtime: 02:05)
[2025-08-16 02:05:35] [三島駅] 15分後: 0.0 mm/h (validtime: 02:20)
[2025-08-16 02:05:35] [三島駅] 30分後: 0.0 mm/h (validtime: 02:35)
[2025-08-16 02:05:35] [三島駅] 45分後: 0.0 mm/h (validtime: 02:50)
[2025-08-16 02:05:35] [三島駅] 60分後: 0.0 mm/h (validtime: 03:00)
[2025-08-16 02:05:35] [三島駅] 保存完了: 5/5 件
[2025-08-16 02:10:35] [三島駅] 現在: 0.0 mm/h (validtime: 02:05)
[2025-08-16 02:10:35] [三島駅] 15分後: 0.0 mm/h (validtime: 02:25)
[2025-08-16 02:10:36] [三島駅] 30分後: 0.0 mm/h (validtime: 02:40)
[2025-08-16 02:10:36] [三島駅] 45分後: 0.0 mm/h (validtime: 02:55)
[2025-08-16 02:10:36] [三島駅] 60分後: 0.0 mm/h (validtime: 03:05)
[2025-08-16 02:10:36] [三島駅] 保存完了: 5/5 件
[2025-08-16 02:15:36] [三島駅] 現在: 0.0 mm/h (validtime: 02:10)
[2025-08-16 02:15:36] [三島駅] 15分後: 0.0 mm/h (validtime: 02:30)
[2025-08-16 02:15:36] [三島駅] 30分後: 0.0 mm/h (validtime: 02:45)
[2025-08-16 02:15:37] [三島駅] 45分後: 0.0 mm/h (validtime: 03:00)
[2025-08-16 02:15:37] [三島駅] 60分後: 0.0 mm/h (validtime: 03:10)
[2025-08-16 02:15:37] [三島駅] 保存完了: 5/5 件
[2025-08-16 02:20:37] [三島駅] 現在: 0.0 mm/h (validtime: 02:15)
[2025-08-16 02:20:37] [三島駅] 15分後: 0.0 mm/h (validtime: 02:35)
[2025-08-16 02:20:37] [三島駅] 30分後: 0.0 mm/h (validtime: 02:50)
[2025-08-16 02:20:37] [三島駅] 45分後: 0.0 mm/h (validtime: 03:05)
[2025-08-16 02:20:37] [三島駅] 60分後: 0.0 mm/h (validtime: 03:15)
[2025-08-16 02:20:37] [三島駅] 保存完了: 5/5 件
[2025-08-16 02:25:37] [三島駅] 現在: 0.0 mm/h (validtime: 02:20)
[2025-08-16 02:25:37] [三島駅] 15分後: 0.0 mm/h (validtime: 02:40)
[2025-08-16 02:25:38] [三島駅] 30分後: 0.0 mm/h (validtime: 02:55)
[2025-08-16 02:25:38] [三島駅] 45分後: 0.0 mm/h (validtime: 03:10)
[2025-08-16 02:25:38] [三島駅] 60分後: 0.0 mm/h (validtime: 03:20)
[2025-08-16 02:25:38] [三島駅] 保存完了: 5/5 件
[2025-08-16 02:30:38] [三島駅] 現在: 0.0 mm/h (validtime: 02:25)
[2025-08-16 02:30:38] [三島駅] 15分後: 0.0 mm/h (validtime: 02:45)
[2025-08-16 02:30:39] [三島駅] 30分後: 0.0 mm/h (validtime: 03:00)
[2025-08-16 02:30:39] [三島駅] 45分後: 0.0 mm/h (validtime: 03:15)
[2025-08-16 02:30:39] [三島駅] 60分後: 0.0 mm/h (validtime: 03:25)
[2025-08-16 02:30:39] [三島駅] 保存完了: 5/5 件
[2025-08-16 02:35:39] [三島駅] 現在: 0.0 mm/h (validtime: 02:30)
[2025-08-16 02:35:39] [三島駅] 15分後: 0.0 mm/h (validtime: 02:50)
[2025-08-16 02:35:40] [三島駅] 30分後: 0.0 mm/h (validtime: 03:05)
[2025-08-16 02:35:40] [三島駅] 45分後: 0.0 mm/h (validtime: 03:20)
[2025-08-16 02:35:41] [三島駅] 60分後: 0.0 mm/h (validtime: 03:30)
[2025-08-16 02:35:41] [三島駅] 保存完了: 5/5 件
[2025-08-16 02:40:41] [三島駅] 現在: 0.0 mm/h (validtime: 02:35)
[2025-08-16 02:40:41] [三島駅] 15分後: 0.0 mm/h (validtime: 02:55)
[2025-08-16 02:40:41] [三島駅] 30分後: 0.0 mm/h (validtime: 03:10)
[2025-08-16 02:40:41] [三島駅] 45分後: 0.0 mm/h (validtime: 03:25)
[2025-08-16 02:40:42] [三島駅] 60分後: 0.0 mm/h (validtime: 03:35)
[2025-08-16 02:40:42] [三島駅] 保存完了: 5/5 件
[2025-08-16 02:45:42] [三島駅] 現在: 0.0 mm/h (validtime: 02:40)
[2025-08-16 02:45:42] [三島駅] 15分後: 0.0 mm/h (validtime: 03:00)
[2025-08-16 02:45:42] [三島駅] 30分後: 0.0 mm/h (validtime: 03:15)
[2025-08-16 02:45:42] [三島駅] 45分後: 0.0 mm/h (validtime: 03:30)
[2025-08-16 02:45:42] [三島駅] 60分後: 0.0 mm/h (validtime: 03:40)
[2025-08-16 02:45:42] [三島駅] 保存完了: 5/5 件
[2025-08-16 03:05:42] [三島駅] 現在: 0.0 mm/h (validtime: 03:00)
[2025-08-16 03:05:43] [三島駅] 15分後: 0.0 mm/h (validtime: 03:20)
[2025-08-16 03:05:43] [三島駅] 30分後: 0.0 mm/h (validtime: 03:35)
[2025-08-16 03:05:43] [三島駅] 45分後: 0.0 mm/h (validtime: 03:50)
[2025-08-16 03:05:43] [三島駅] 60分後: 0.0 mm/h (validtime: 04:00)
[2025-08-16 03:05:43] [三島駅] 保存完了: 5/5 件
[2025-08-16 04:00:42] [三島駅] 現在: 0.0 mm/h (validtime: 03:55)
[2025-08-16 04:00:43] [三島駅] 15分後: 0.0 mm/h (validtime: 04:15)
[2025-08-16 04:00:43] [三島駅] 30分後: 0.0 mm/h (validtime: 04:30)
[2025-08-16 04:00:43] [三島駅] 45分後: 0.0 mm/h (validtime: 04:45)
[2025-08-16 04:00:43] [三島駅] 60分後: 0.0 mm/h (validtime: 04:55)
[2025-08-16 04:00:43] [三島駅] 保存完了: 5/5 件
[2025-08-16 04:05:43] [三島駅] 現在: 0.0 mm/h (validtime: 04:00)
[2025-08-16 04:05:43] [三島駅] 15分後: 0.0 mm/h (validtime: 04:20)
[2025-08-16 04:05:44] [三島駅] 30分後: 0.0 mm/h (validtime: 04:35)
[2025-08-16 04:05:44] [三島駅] 45分後: 0.0 mm/h (validtime: 04:50)
[2025-08-16 04:05:44] [三島駅] 60分後: 0.0 mm/h (validtime: 05:00)
[2025-08-16 04:05:44] [三島駅] 保存完了: 5/5 件
[2025-08-16 04:10:44] [三島駅] 現在: 0.0 mm/h (validtime: 04:05)
[2025-08-16 04:10:44] [三島駅] 15分後: 0.0 mm/h (validtime: 04:25)
[2025-08-16 04:10:45] [三島駅] 30分後: 0.0 mm/h (validtime: 04:40)
[2025-08-16 04:10:45] [三島駅] 45分後: 0.0 mm/h (validtime: 04:55)
[2025-08-16 04:10:45] [三島駅] 60分後: 0.0 mm/h (validtime: 05:05)
[2025-08-16 04:10:45] [三島駅] 保存完了: 5/5 件
[2025-08-16 04:15:48] [三島駅] 現在: 0.0 mm/h (validtime: 04:10)
[2025-08-16 04:15:48] [三島駅] 15分後: 0.0 mm/h (validtime: 04:30)
[2025-08-16 04:15:49] [三島駅] 30分後: 0.0 mm/h (validtime: 04:45)
[2025-08-16 04:15:49] [三島駅] 45分後: 0.0 mm/h (validtime: 05:00)
[2025-08-16 04:15:49] [三島駅] 60分後: 0.0 mm/h (validtime: 05:10)
[2025-08-16 04:15:49] [三島駅] 保存完了: 5/5 件
[2025-08-16 04:21:00] [三島駅] 現在: 0.0 mm/h (validtime: 04:15)
[2025-08-16 04:21:00] [三島駅] 15分後: 0.0 mm/h (validtime: 04:35)
[2025-08-16 04:21:00] [三島駅] 30分後: 0.0 mm/h (validtime: 04:50)
[2025-08-16 04:21:00] [三島駅] 45分後: 0.0 mm/h (validtime: 05:05)
[2025-08-16 04:21:01] [三島駅] 60分後: 0.0 mm/h (validtime: 05:15)
[2025-08-16 04:21:01] [三島駅] 保存完了: 5/5 件
[2025-08-16 04:26:06] [三島駅] 現在: 0.0 mm/h (validtime: 04:20)
[2025-08-16 04:26:06] [三島駅] 15分後: 0.0 mm/h (validtime: 04:40)
[2025-08-16 04:26:06] [三島駅] 30分後: 0.0 mm/h (validtime: 04:55)
[2025-08-16 04:26:06] [三島駅] 45分後: 0.0 mm/h (validtime: 05:10)
[2025-08-16 04:26:07] [三島駅] 60分後: 0.0 mm/h (validtime: 05:20)
[2025-08-16 04:26:07] [三島駅] 保存完了: 5/5 件
[2025-08-16 04:31:07] [三島駅] 現在: 0.0 mm/h (validtime: 04:25)
[2025-08-16 04:31:07] [三島駅] 15分後: 0.0 mm/h (validtime: 04:45)
[2025-08-16 04:31:07] [三島駅] 30分後: 0.0 mm/h (validtime: 05:00)
[2025-08-16 04:31:07] [三島駅] 45分後: 0.0 mm/h (validtime: 05:15)
[2025-08-16 04:31:07] [三島駅] 60分後: 0.0 mm/h (validtime: 05:25)
[2025-08-16 04:31:07] [三島駅] 保存完了: 5/5 件
[2025-08-16 04:36:08] [三島駅] 現在: 0.0 mm/h (validtime: 04:30)
[2025-08-16 04:36:08] [三島駅] 15分後: 0.0 mm/h (validtime: 04:50)
[2025-08-16 04:36:08] [三島駅] 30分後: 0.0 mm/h (validtime: 05:05)
[2025-08-16 04:36:08] [三島駅] 45分後: 0.0 mm/h (validtime: 05:20)
[2025-08-16 04:36:08] [三島駅] 60分後: 0.0 mm/h (validtime: 05:30)
[2025-08-16 04:36:08] [三島駅] 保存完了: 5/5 件
[2025-08-16 04:42:56] [三島駅] 現在: 0.0 mm/h (validtime: 04:40)
[2025-08-16 04:42:56] [三島駅] 15分後: 0.0 mm/h (validtime: 05:00)
[2025-08-16 04:42:57] [三島駅] 30分後: 0.0 mm/h (validtime: 05:15)
[2025-08-16 04:42:57] [三島駅] 45分後: 0.0 mm/h (validtime: 05:30)
[2025-08-16 04:42:57] [三島駅] 60分後: 0.0 mm/h (validtime: 05:40)
[2025-08-16 04:42:57] [三島駅] 保存完了: 5/5 件
[2025-08-16 04:48:03] [三島駅] 現在: 0.0 mm/h (validtime: 04:45)
[2025-08-16 04:48:04] [三島駅] 15分後: 0.0 mm/h (validtime: 05:05)
[2025-08-16 04:48:04] [三島駅] 30分後: 0.0 mm/h (validtime: 05:20)
[2025-08-16 04:48:04] [三島駅] 45分後: 0.0 mm/h (validtime: 05:35)
[2025-08-16 04:48:04] [三島駅] 60分後: 0.0 mm/h (validtime: 05:45)
[2025-08-16 04:48:04] [三島駅] 保存完了: 5/5 件
[2025-08-16 04:53:53] [三島駅] 現在: 0.0 mm/h (validtime: 04:50)
[2025-08-16 04:53:53] [三島駅] 15分後: 0.0 mm/h (validtime: 05:10)
[2025-08-16 04:53:53] [三島駅] 30分後: 0.0 mm/h (validtime: 05:25)
[2025-08-16 04:53:54] [三島駅] 45分後: 0.0 mm/h (validtime: 05:40)
[2025-08-16 04:53:54] [三島駅] 60分後: 0.0 mm/h (validtime: 05:50)
[2025-08-16 04:53:54] [三島駅] 保存完了: 5/5 件
[2025-08-16 05:00:16] [三島駅] 現在: 0.0 mm/h (validtime: 04:55)
[2025-08-16 05:00:16] [三島駅] 15分後: 0.0 mm/h (validtime: 05:15)
[2025-08-16 05:00:16] [三島駅] 30分後: 0.0 mm/h (validtime: 05:30)
[2025-08-16 05:00:16] [三島駅] 45分後: 0.0 mm/h (validtime: 05:45)
[2025-08-16 05:00:16] [三島駅] 60分後: 0.0 mm/h (validtime: 05:55)
[2025-08-16 05:00:16] [三島駅] 保存完了: 5/5 件
[2025-08-16 05:13:38] [三島駅] 現在: 0.0 mm/h (validtime: 05:10)
[2025-08-16 05:13:38] [三島駅] 15分後: 0.0 mm/h (validtime: 05:30)
[2025-08-16 05:13:38] [三島駅] 30分後: 0.0 mm/h (validtime: 05:45)
[2025-08-16 05:13:39] [三島駅] 45分後: 0.0 mm/h (validtime: 06:00)
[2025-08-16 05:13:39] [三島駅] 60分後: 0.0 mm/h (validtime: 06:10)
[2025-08-16 05:13:39] [三島駅] 保存完了: 5/5 件
[2025-08-16 05:22:30] [三島駅] 現在: 0.0 mm/h (validtime: 05:20)
[2025-08-16 05:22:30] [三島駅] 15分後: 0.0 mm/h (validtime: 05:40)
[2025-08-16 05:22:31] [三島駅] 30分後: 0.0 mm/h (validtime: 05:55)
[2025-08-16 05:22:31] [三島駅] 45分後: 0.0 mm/h (validtime: 06:10)
[2025-08-16 05:22:31] [三島駅] 60分後: 0.0 mm/h (validtime: 06:20)
[2025-08-16 05:22:31] [三島駅] 保存完了: 5/5 件
[2025-08-16 05:22:31] [名古屋駅] 現在: 0.0 mm/h (validtime: 05:20)
[2025-08-16 05:22:31] [名古屋駅] 15分後: 0.0 mm/h (validtime: 05:40)
[2025-08-16 05:22:31] [名古屋駅] 30分後: 0.0 mm/h (validtime: 05:55)
[2025-08-16 05:22:32] [名古屋駅] 45分後: 0.0 mm/h (validtime: 06:10)
[2025-08-16 05:22:32] [名古屋駅] 60分後: 0.0 mm/h (validtime: 06:20)
[2025-08-16 05:22:32] [名古屋駅] 保存完了: 5/5 件
[2025-08-16 05:22:32] [静岡駅] 現在: 30.0 mm/h (validtime: 05:20)
[2025-08-16 05:22:32] [静岡駅] 15分後: 30.0 mm/h (validtime: 05:40)
[2025-08-16 05:22:32] [静岡駅] 30分後: 20.0 mm/h (validtime: 05:55)
[2025-08-16 05:22:32] [静岡駅] 45分後: 5.0 mm/h (validtime: 06:10)
[2025-08-16 05:22:32] [静岡駅] 60分後: 5.0 mm/h (validtime: 06:20)
[2025-08-16 05:22:32] [静岡駅] 保存完了: 5/5 件
[2025-08-16 05:27:32] [三島駅] 現在: 0.0 mm/h (validtime: 05:25)
[2025-08-16 05:27:33] [三島駅] 15分後: 0.0 mm/h (validtime: 05:45)
[2025-08-16 05:27:33] [三島駅] 30分後: 0.0 mm/h (validtime: 06:00)
[2025-08-16 05:27:33] [三島駅] 45分後: 0.0 mm/h (validtime: 06:15)
[2025-08-16 05:27:33] [三島駅] 60分後: 0.0 mm/h (validtime: 06:25)
[2025-08-16 05:27:33] [三島駅] 保存完了: 5/5 件
[2025-08-16 05:27:33] [名古屋駅] 現在: 0.0 mm/h (validtime: 05:25)
[2025-08-16 05:27:33] [名古屋駅] 15分後: 0.0 mm/h (validtime: 05:45)
[2025-08-16 05:27:34] [名古屋駅] 30分後: 0.0 mm/h (validtime: 06:00)
[2025-08-16 05:27:34] [名古屋駅] 45分後: 0.0 mm/h (validtime: 06:15)
[2025-08-16 05:27:34] [名古屋駅] 60分後: 0.0 mm/h (validtime: 06:25)
[2025-08-16 05:27:34] [名古屋駅] 保存完了: 5/5 件
[2025-08-16 05:27:34] [静岡駅] 現在: 50.0 mm/h (validtime: 05:25)
[2025-08-16 05:27:34] [静岡駅] 15分後: 30.0 mm/h (validtime: 05:45)
[2025-08-16 05:27:34] [静岡駅] 30分後: 10.0 mm/h (validtime: 06:00)
[2025-08-16 05:27:34] [静岡駅] 45分後: 5.0 mm/h (validtime: 06:15)
[2025-08-16 05:27:34] [静岡駅] 60分後: 5.0 mm/h (validtime: 06:25)
[2025-08-16 05:27:34] [静岡駅] 保存完了: 5/5 件
[2025-08-16 05:27:34] [浜松駅] 現在: 0.0 mm/h (validtime: 05:25)
[2025-08-16 05:27:35] [浜松駅] 15分後: 0.0 mm/h (validtime: 05:45)
[2025-08-16 05:27:35] [浜松駅] 30分後: 0.0 mm/h (validtime: 06:00)
[2025-08-16 05:27:35] [浜松駅] 45分後: 0.0 mm/h (validtime: 06:15)
[2025-08-16 05:27:35] [浜松駅] 60分後: 0.0 mm/h (validtime: 06:25)
[2025-08-16 05:27:35] [浜松駅] 保存完了: 5/5 件
[2025-08-16 05:32:35] [三島駅] 現在: 0.0 mm/h (validtime: 05:30)
[2025-08-16 05:32:36] [三島駅] 15分後: 0.0 mm/h (validtime: 05:50)
[2025-08-16 05:32:36] [三島駅] 30分後: 0.0 mm/h (validtime: 06:05)
[2025-08-16 05:32:36] [三島駅] 45分後: 0.0 mm/h (validtime: 06:20)
[2025-08-16 05:32:36] [三島駅] 60分後: 0.0 mm/h (validtime: 06:30)
[2025-08-16 05:32:36] [三島駅] 保存完了: 5/5 件
[2025-08-16 05:32:36] [名古屋駅] 現在: 0.0 mm/h (validtime: 05:30)
[2025-08-16 05:32:36] [名古屋駅] 15分後: 0.0 mm/h (validtime: 05:50)
[2025-08-16 05:32:37] [名古屋駅] 30分後: 0.0 mm/h (validtime: 06:05)
[2025-08-16 05:32:37] [名古屋駅] 45分後: 0.0 mm/h (validtime: 06:20)
[2025-08-16 05:32:37] [名古屋駅] 60分後: 0.0 mm/h (validtime: 06:30)
[2025-08-16 05:32:37] [名古屋駅] 保存完了: 5/5 件
[2025-08-16 05:32:37] [静岡駅] 現在: 30.0 mm/h (validtime: 05:30)
[2025-08-16 05:32:37] [静岡駅] 15分後: 10.0 mm/h (validtime: 05:50)
[2025-08-16 05:32:37] [静岡駅] 30分後: 5.0 mm/h (validtime: 06:05)
[2025-08-16 05:32:37] [静岡駅] 45分後: 5.0 mm/h (validtime: 06:20)
[2025-08-16 05:32:37] [静岡駅] 60分後: 20.0 mm/h (validtime: 06:30)
[2025-08-16 05:32:37] [静岡駅] 保存完了: 5/5 件
[2025-08-16 05:32:37] [浜松駅] 現在: 0.0 mm/h (validtime: 05:30)
[2025-08-16 05:32:37] [浜松駅] 15分後: 0.0 mm/h (validtime: 05:50)
[2025-08-16 05:32:38] [浜松駅] 30分後: 0.0 mm/h (validtime: 06:05)
[2025-08-16 05:32:38] [浜松駅] 45分後: 0.0 mm/h (validtime: 06:20)
[2025-08-16 05:32:38] [浜松駅] 60分後: 0.0 mm/h (validtime: 06:30)
[2025-08-16 05:32:38] [浜松駅] 保存完了: 5/5 件
[2025-08-16 05:37:38] [三島駅] 現在: 0.0 mm/h (validtime: 05:35)
[2025-08-16 05:37:38] [三島駅] 15分後: 0.0 mm/h (validtime: 05:55)
[2025-08-16 05:37:39] [三島駅] 30分後: 0.0 mm/h (validtime: 06:10)
[2025-08-16 05:37:39] [三島駅] 45分後: 0.0 mm/h (validtime: 06:25)
[2025-08-16 05:37:39] [三島駅] 60分後: 0.0 mm/h (validtime: 06:35)
[2025-08-16 05:37:39] [三島駅] 保存完了: 5/5 件
[2025-08-16 05:37:39] [名古屋駅] 現在: 0.0 mm/h (validtime: 05:35)
[2025-08-16 05:37:39] [名古屋駅] 15分後: 0.0 mm/h (validtime: 05:55)
[2025-08-16 05:37:39] [名古屋駅] 30分後: 0.0 mm/h (validtime: 06:10)
[2025-08-16 05:37:40] [名古屋駅] 45分後: 0.0 mm/h (validtime: 06:25)
[2025-08-16 05:37:40] [名古屋駅] 60分後: 0.0 mm/h (validtime: 06:35)
[2025-08-16 05:37:40] [名古屋駅] 保存完了: 5/5 件
[2025-08-16 05:37:40] [静岡駅] 現在: 20.0 mm/h (validtime: 05:35)
[2025-08-16 05:37:40] [静岡駅] 15分後: 5.0 mm/h (validtime: 05:55)
[2025-08-16 05:37:40] [静岡駅] 30分後: 10.0 mm/h (validtime: 06:10)
[2025-08-16 05:37:40] [静岡駅] 45分後: 20.0 mm/h (validtime: 06:25)
[2025-08-16 05:37:40] [静岡駅] 60分後: 20.0 mm/h (validtime: 06:35)
[2025-08-16 05:37:40] [静岡駅] 保存完了: 5/5 件
[2025-08-16 05:37:40] [浜松駅] 現在: 0.0 mm/h (validtime: 05:35)
[2025-08-16 05:37:40] [浜松駅] 15分後: 0.0 mm/h (validtime: 05:55)
[2025-08-16 05:37:41] [浜松駅] 30分後: 0.0 mm/h (validtime: 06:10)
[2025-08-16 05:37:41] [浜松駅] 45分後: 0.0 mm/h (validtime: 06:25)
[2025-08-16 05:37:41] [浜松駅] 60分後: 0.0 mm/h (validtime: 06:35)
[2025-08-16 05:37:41] [浜松駅] 保存完了: 5/5 件
